# JRE version: OpenJDK Runtime Environment Temurin-21.0.9+10 (21.0.9+10) (build 21.0.9+10-LTS)
# Java VM: OpenJDK 64-Bit Server VM Temurin-21.0.9+10 (21.0.9+10-LTS, mixed mode, sharing, tiered, compressed oops, compressed class ptrs, parallel gc, windows-amd64)
GC Precious Log:
 CardTable entry size: 512
 CPUs: 16 total, 16 available
 Memory: 7876M
 Large Page Support: Disabled
 NUMA Support: Disabled
 Compressed Oops: Enabled (32-bit)
 Alignments: Space 512K, Generation 512K, Heap 2M
 Heap Min Capacity: 100M
 Heap Initial Capacity: 100M
 Heap Max Capacity: 2G
 Pre-touch: Disabled
 Parallel Workers: 13
Heap:
 PSYoungGen      total 5632K, used 5418K [0x00000000d5580000, 0x00000000d5c00000, 0x0000000100000000)
  eden space 5120K, 96% used [0x00000000d5580000,0x00000000d5a529c8,0x00000000d5a80000)
  from space 512K, 93% used [0x00000000d5b00000,0x00000000d5b78000,0x00000000d5b80000)
  to   space 512K, 0% used [0x00000000d5b80000,0x00000000d5b80000,0x00000000d5c00000)
 ParOldGen       total 501760K, used 501612K [0x0000000080000000, 0x000000009ea00000, 0x00000000d5580000)
  object space 501760K, 99% used [0x0000000080000000,0x000000009e9db170,0x000000009ea00000)
 Metaspace       used 104104K, committed 106112K, reserved 1179648K
  class space    used 10519K, committed 11456K, reserved 1048576K
GC Heap History (20 events):
Event: 1600.928 GC heap before
{Heap before GC invocations=3720 (full 8):
 PSYoungGen      total 4608K, used 4608K [0x00000000d5580000, 0x00000000d5c80000, 0x0000000100000000)
  eden space 4096K, 100% used [0x00000000d5580000,0x00000000d5980000,0x00000000d5980000)
  from space 512K, 100% used [0x00000000d5980000,0x00000000d5a00000,0x00000000d5a00000)
  to   space 1024K, 0% used [0x00000000d5b80000,0x00000000d5b80000,0x00000000d5c80000)
 ParOldGen       total 498176K, used 497695K [0x0000000080000000, 0x000000009e680000, 0x00000000d5580000)
  object space 498176K, 99% used [0x0000000080000000,0x000000009e607e30,0x000000009e680000)
 Metaspace       used 104092K, committed 106112K, reserved 1179648K
  class space    used 10519K, committed 11456K, reserved 1048576K
}
Event: 1600.932 GC heap after
{Heap after GC invocations=3720 (full 8):
 PSYoungGen      total 6144K, used 800K [0x00000000d5580000, 0x00000000d5c80000, 0x0000000100000000)
  eden space 5120K, 0% used [0x00000000d5580000,0x00000000d5580000,0x00000000d5a80000)
  from space 1024K, 78% used [0x00000000d5b80000,0x00000000d5c48000,0x00000000d5c80000)
  to   space 1024K, 0% used [0x00000000d5a80000,0x00000000d5a80000,0x00000000d5b80000)
 ParOldGen       total 498176K, used 498124K [0x0000000080000000, 0x000000009e680000, 0x00000000d5580000)
  object space 498176K, 99% used [0x0000000080000000,0x000000009e673288,0x000000009e680000)
 Metaspace       used 104092K, committed 106112K, reserved 1179648K
  class space    used 10519K, committed 11456K, reserved 1048576K
}
Event: 1600.941 GC heap before
{Heap before GC invocations=3721 (full 8):
 PSYoungGen      total 6144K, used 5920K [0x00000000d5580000, 0x00000000d5c80000, 0x0000000100000000)
  eden space 5120K, 100% used [0x00000000d5580000,0x00000000d5a80000,0x00000000d5a80000)
  from space 1024K, 78% used [0x00000000d5b80000,0x00000000d5c48000,0x00000000d5c80000)
  to   space 1024K, 0% used [0x00000000d5a80000,0x00000000d5a80000,0x00000000d5b80000)
 ParOldGen       total 498176K, used 498124K [0x0000000080000000, 0x000000009e680000, 0x00000000d5580000)
  object space 498176K, 99% used [0x0000000080000000,0x000000009e673288,0x000000009e680000)
 Metaspace       used 104092K, committed 106112K, reserved 1179648K
  class space    used 10519K, committed 11456K, reserved 1048576K
}
Event: 1600.944 GC heap after
{Heap after GC invocations=3721 (full 8):
 PSYoungGen      total 6144K, used 985K [0x00000000d5580000, 0x00000000d5d80000, 0x0000000100000000)
  eden space 5120K, 0% used [0x00000000d5580000,0x00000000d5580000,0x00000000d5a80000)
  from space 1024K, 96% used [0x00000000d5a80000,0x00000000d5b76410,0x00000000d5b80000)
  to   space 1024K, 0% used [0x00000000d5c80000,0x00000000d5c80000,0x00000000d5d80000)
 ParOldGen       total 499200K, used 498723K [0x0000000080000000, 0x000000009e780000, 0x00000000d5580000)
  object space 499200K, 99% used [0x0000000080000000,0x000000009e708cc0,0x000000009e780000)
 Metaspace       used 104092K, committed 106112K, reserved 1179648K
  class space    used 10519K, committed 11456K, reserved 1048576K
}
Event: 1601.130 GC heap before
{Heap before GC invocations=3722 (full 8):
 PSYoungGen      total 6144K, used 6105K [0x00000000d5580000, 0x00000000d5d80000, 0x0000000100000000)
  eden space 5120K, 100% used [0x00000000d5580000,0x00000000d5a80000,0x00000000d5a80000)
  from space 1024K, 96% used [0x00000000d5a80000,0x00000000d5b76410,0x00000000d5b80000)
  to   space 1024K, 0% used [0x00000000d5c80000,0x00000000d5c80000,0x00000000d5d80000)
 ParOldGen       total 499200K, used 498723K [0x0000000080000000, 0x000000009e780000, 0x00000000d5580000)
  object space 499200K, 99% used [0x0000000080000000,0x000000009e708cc0,0x000000009e780000)
 Metaspace       used 104093K, committed 106112K, reserved 1179648K
  class space    used 10519K, committed 11456K, reserved 1048576K
}
Event: 1601.132 GC heap after
{Heap after GC invocations=3722 (full 8):
 PSYoungGen      total 6144K, used 608K [0x00000000d5580000, 0x00000000d5d80000, 0x0000000100000000)
  eden space 5120K, 0% used [0x00000000d5580000,0x00000000d5580000,0x00000000d5a80000)
  from space 1024K, 59% used [0x00000000d5c80000,0x00000000d5d18000,0x00000000d5d80000)
  to   space 1024K, 0% used [0x00000000d5a80000,0x00000000d5a80000,0x00000000d5b80000)
 ParOldGen       total 499712K, used 499464K [0x0000000080000000, 0x000000009e800000, 0x00000000d5580000)
  object space 499712K, 99% used [0x0000000080000000,0x000000009e7c20e0,0x000000009e800000)
 Metaspace       used 104093K, committed 106112K, reserved 1179648K
  class space    used 10519K, committed 11456K, reserved 1048576K
}
Event: 1601.291 GC heap before
{Heap before GC invocations=3723 (full 8):
 PSYoungGen      total 6144K, used 5728K [0x00000000d5580000, 0x00000000d5d80000, 0x0000000100000000)
  eden space 5120K, 100% used [0x00000000d5580000,0x00000000d5a80000,0x00000000d5a80000)
  from space 1024K, 59% used [0x00000000d5c80000,0x00000000d5d18000,0x00000000d5d80000)
  to   space 1024K, 0% used [0x00000000d5a80000,0x00000000d5a80000,0x00000000d5b80000)
 ParOldGen       total 499712K, used 499464K [0x0000000080000000, 0x000000009e800000, 0x00000000d5580000)
  object space 499712K, 99% used [0x0000000080000000,0x000000009e7c20e0,0x000000009e800000)
 Metaspace       used 104093K, committed 106112K, reserved 1179648K
  class space    used 10519K, committed 11456K, reserved 1048576K
}
Event: 1601.292 GC heap after
{Heap after GC invocations=3723 (full 8):
 PSYoungGen      total 6144K, used 649K [0x00000000d5580000, 0x00000000d5d00000, 0x0000000100000000)
  eden space 5120K, 0% used [0x00000000d5580000,0x00000000d5580000,0x00000000d5a80000)
  from space 1024K, 63% used [0x00000000d5a80000,0x00000000d5b22400,0x00000000d5b80000)
  to   space 1024K, 0% used [0x00000000d5c00000,0x00000000d5c00000,0x00000000d5d00000)
 ParOldGen       total 500224K, used 499929K [0x0000000080000000, 0x000000009e880000, 0x00000000d5580000)
  object space 500224K, 99% used [0x0000000080000000,0x000000009e836540,0x000000009e880000)
 Metaspace       used 104093K, committed 106112K, reserved 1179648K
  class space    used 10519K, committed 11456K, reserved 1048576K
}
Event: 1601.432 GC heap before
{Heap before GC invocations=3724 (full 8):
 PSYoungGen      total 6144K, used 5769K [0x00000000d5580000, 0x00000000d5d00000, 0x0000000100000000)
  eden space 5120K, 100% used [0x00000000d5580000,0x00000000d5a80000,0x00000000d5a80000)
  from space 1024K, 63% used [0x00000000d5a80000,0x00000000d5b22400,0x00000000d5b80000)
  to   space 1024K, 0% used [0x00000000d5c00000,0x00000000d5c00000,0x00000000d5d00000)
 ParOldGen       total 500224K, used 499929K [0x0000000080000000, 0x000000009e880000, 0x00000000d5580000)
  object space 500224K, 99% used [0x0000000080000000,0x000000009e836540,0x000000009e880000)
 Metaspace       used 104093K, committed 106112K, reserved 1179648K
  class space    used 10519K, committed 11456K, reserved 1048576K
}
Event: 1601.434 GC heap after
{Heap after GC invocations=3724 (full 8):
 PSYoungGen      total 6144K, used 841K [0x00000000d5580000, 0x00000000d5d00000, 0x0000000100000000)
  eden space 5120K, 0% used [0x00000000d5580000,0x00000000d5580000,0x00000000d5a80000)
  from space 1024K, 82% used [0x00000000d5c00000,0x00000000d5cd2400,0x00000000d5d00000)
  to   space 1024K, 0% used [0x00000000d5a80000,0x00000000d5a80000,0x00000000d5b80000)
 ParOldGen       total 500736K, used 500466K [0x0000000080000000, 0x000000009e900000, 0x00000000d5580000)
  object space 500736K, 99% used [0x0000000080000000,0x000000009e8bc940,0x000000009e900000)
 Metaspace       used 104093K, committed 106112K, reserved 1179648K
  class space    used 10519K, committed 11456K, reserved 1048576K
}
Event: 1601.826 GC heap before
{Heap before GC invocations=3725 (full 8):
 PSYoungGen      total 6144K, used 5924K [0x00000000d5580000, 0x00000000d5d00000, 0x0000000100000000)
  eden space 5120K, 99% used [0x00000000d5580000,0x00000000d5a76dc8,0x00000000d5a80000)
  from space 1024K, 82% used [0x00000000d5c00000,0x00000000d5cd2400,0x00000000d5d00000)
  to   space 1024K, 0% used [0x00000000d5a80000,0x00000000d5a80000,0x00000000d5b80000)
 ParOldGen       total 500736K, used 500466K [0x0000000080000000, 0x000000009e900000, 0x00000000d5580000)
  object space 500736K, 99% used [0x0000000080000000,0x000000009e8bc940,0x000000009e900000)
 Metaspace       used 104093K, committed 106112K, reserved 1179648K
  class space    used 10519K, committed 11456K, reserved 1048576K
}
Event: 1601.830 GC heap after
{Heap after GC invocations=3725 (full 8):
 PSYoungGen      total 6144K, used 480K [0x00000000d5580000, 0x00000000d5c80000, 0x0000000100000000)
  eden space 5120K, 0% used [0x00000000d5580000,0x00000000d5580000,0x00000000d5a80000)
  from space 1024K, 46% used [0x00000000d5a80000,0x00000000d5af8000,0x00000000d5b80000)
  to   space 1024K, 0% used [0x00000000d5b80000,0x00000000d5b80000,0x00000000d5c80000)
 ParOldGen       total 501248K, used 501067K [0x0000000080000000, 0x000000009e980000, 0x00000000d5580000)
  object space 501248K, 99% used [0x0000000080000000,0x000000009e952d50,0x000000009e980000)
 Metaspace       used 104093K, committed 106112K, reserved 1179648K
  class space    used 10519K, committed 11456K, reserved 1048576K
}
Event: 1601.835 GC heap before
{Heap before GC invocations=3726 (full 8):
 PSYoungGen      total 6144K, used 5564K [0x00000000d5580000, 0x00000000d5c80000, 0x0000000100000000)
  eden space 5120K, 99% used [0x00000000d5580000,0x00000000d5a77268,0x00000000d5a80000)
  from space 1024K, 46% used [0x00000000d5a80000,0x00000000d5af8000,0x00000000d5b80000)
  to   space 1024K, 0% used [0x00000000d5b80000,0x00000000d5b80000,0x00000000d5c80000)
 ParOldGen       total 501248K, used 501067K [0x0000000080000000, 0x000000009e980000, 0x00000000d5580000)
  object space 501248K, 99% used [0x0000000080000000,0x000000009e952d50,0x000000009e980000)
 Metaspace       used 104093K, committed 106112K, reserved 1179648K
  class space    used 10519K, committed 11456K, reserved 1048576K
}
Event: 1601.836 GC heap after
{Heap after GC invocations=3726 (full 8):
 PSYoungGen      total 5632K, used 308K [0x00000000d5580000, 0x00000000d5c00000, 0x0000000100000000)
  eden space 5120K, 0% used [0x00000000d5580000,0x00000000d5580000,0x00000000d5a80000)
  from space 512K, 60% used [0x00000000d5b80000,0x00000000d5bcd220,0x00000000d5c00000)
  to   space 512K, 0% used [0x00000000d5b00000,0x00000000d5b00000,0x00000000d5b80000)
 ParOldGen       total 501760K, used 501323K [0x0000000080000000, 0x000000009ea00000, 0x00000000d5580000)
  object space 501760K, 99% used [0x0000000080000000,0x000000009e992d50,0x000000009ea00000)
 Metaspace       used 104093K, committed 106112K, reserved 1179648K
  class space    used 10519K, committed 11456K, reserved 1048576K
}
Event: 1605.427 GC heap before
{Heap before GC invocations=3727 (full 8):
 PSYoungGen      total 5632K, used 5428K [0x00000000d5580000, 0x00000000d5c00000, 0x0000000100000000)
  eden space 5120K, 100% used [0x00000000d5580000,0x00000000d5a80000,0x00000000d5a80000)
  from space 512K, 60% used [0x00000000d5b80000,0x00000000d5bcd220,0x00000000d5c00000)
  to   space 512K, 0% used [0x00000000d5b00000,0x00000000d5b00000,0x00000000d5b80000)
 ParOldGen       total 501760K, used 501323K [0x0000000080000000, 0x000000009ea00000, 0x00000000d5580000)
  object space 501760K, 99% used [0x0000000080000000,0x000000009e992d50,0x000000009ea00000)
 Metaspace       used 104093K, committed 106112K, reserved 1179648K
  class space    used 10519K, committed 11456K, reserved 1048576K
}
Event: 1605.429 GC heap after
{Heap after GC invocations=3727 (full 8):
 PSYoungGen      total 5632K, used 224K [0x00000000d5580000, 0x00000000d5c00000, 0x0000000100000000)
  eden space 5120K, 0% used [0x00000000d5580000,0x00000000d5580000,0x00000000d5a80000)
  from space 512K, 43% used [0x00000000d5b00000,0x00000000d5b38000,0x00000000d5b80000)
  to   space 512K, 0% used [0x00000000d5b80000,0x00000000d5b80000,0x00000000d5c00000)
 ParOldGen       total 501760K, used 501419K [0x0000000080000000, 0x000000009ea00000, 0x00000000d5580000)
  object space 501760K, 99% used [0x0000000080000000,0x000000009e9aad70,0x000000009ea00000)
 Metaspace       used 104093K, committed 106112K, reserved 1179648K
  class space    used 10519K, committed 11456K, reserved 1048576K
}
Event: 1678.349 GC heap before
{Heap before GC invocations=3728 (full 8):
 PSYoungGen      total 5632K, used 5344K [0x00000000d5580000, 0x00000000d5c00000, 0x0000000100000000)
  eden space 5120K, 100% used [0x00000000d5580000,0x00000000d5a80000,0x00000000d5a80000)
  from space 512K, 43% used [0x00000000d5b00000,0x00000000d5b38000,0x00000000d5b80000)
  to   space 512K, 0% used [0x00000000d5b80000,0x00000000d5b80000,0x00000000d5c00000)
 ParOldGen       total 501760K, used 501419K [0x0000000080000000, 0x000000009ea00000, 0x00000000d5580000)
  object space 501760K, 99% used [0x0000000080000000,0x000000009e9aad70,0x000000009ea00000)
 Metaspace       used 104094K, committed 106112K, reserved 1179648K
  class space    used 10519K, committed 11456K, reserved 1048576K
}
Event: 1678.419 GC heap after
{Heap after GC invocations=3728 (full 8):
 PSYoungGen      total 5632K, used 352K [0x00000000d5580000, 0x00000000d5c00000, 0x0000000100000000)
  eden space 5120K, 0% used [0x00000000d5580000,0x00000000d5580000,0x00000000d5a80000)
  from space 512K, 68% used [0x00000000d5b80000,0x00000000d5bd8000,0x00000000d5c00000)
  to   space 512K, 0% used [0x00000000d5b00000,0x00000000d5b00000,0x00000000d5b80000)
 ParOldGen       total 501760K, used 501459K [0x0000000080000000, 0x000000009ea00000, 0x00000000d5580000)
  object space 501760K, 99% used [0x0000000080000000,0x000000009e9b4d70,0x000000009ea00000)
 Metaspace       used 104094K, committed 106112K, reserved 1179648K
  class space    used 10519K, committed 11456K, reserved 1048576K
}
Event: 1763.629 GC heap before
{Heap before GC invocations=3729 (full 8):
 PSYoungGen      total 5632K, used 5472K [0x00000000d5580000, 0x00000000d5c00000, 0x0000000100000000)
  eden space 5120K, 100% used [0x00000000d5580000,0x00000000d5a80000,0x00000000d5a80000)
  from space 512K, 68% used [0x00000000d5b80000,0x00000000d5bd8000,0x00000000d5c00000)
  to   space 512K, 0% used [0x00000000d5b00000,0x00000000d5b00000,0x00000000d5b80000)
 ParOldGen       total 501760K, used 501459K [0x0000000080000000, 0x000000009ea00000, 0x00000000d5580000)
  object space 501760K, 99% used [0x0000000080000000,0x000000009e9b4d70,0x000000009ea00000)
 Metaspace       used 104102K, committed 106112K, reserved 1179648K
  class space    used 10519K, committed 11456K, reserved 1048576K
}
Event: 1763.739 GC heap after
{Heap after GC invocations=3729 (full 8):
 PSYoungGen      total 5632K, used 480K [0x00000000d5580000, 0x00000000d5c00000, 0x0000000100000000)
  eden space 5120K, 0% used [0x00000000d5580000,0x00000000d5580000,0x00000000d5a80000)
  from space 512K, 93% used [0x00000000d5b00000,0x00000000d5b78000,0x00000000d5b80000)
  to   space 512K, 0% used [0x00000000d5b80000,0x00000000d5b80000,0x00000000d5c00000)
 ParOldGen       total 501760K, used 501612K [0x0000000080000000, 0x000000009ea00000, 0x00000000d5580000)
  object space 501760K, 99% used [0x0000000080000000,0x000000009e9db170,0x000000009ea00000)
 Metaspace       used 104102K, committed 106112K, reserved 1179648K
  class space    used 10519K, committed 11456K, reserved 1048576K
}

