# JRE version: OpenJDK Runtime Environment Temurin-21.0.10+7 (21.0.10+7) (build 21.0.10+7-LTS)
# Java VM: OpenJDK 64-Bit Server VM Temurin-21.0.10+7 (21.0.10+7-LTS, mixed mode, sharing, tiered, compressed oops, compressed class ptrs, parallel gc, windows-amd64)
GC Precious Log:
 CardTable entry size: 512
 CPUs: 16 total, 16 available
 Memory: 7876M
 Large Page Support: Disabled
 NUMA Support: Disabled
 Compressed Oops: Enabled (32-bit)
 Alignments: Space 512K, Generation 512K, Heap 2M
 Heap Min Capacity: 100M
 Heap Initial Capacity: 100M
 Heap Max Capacity: 2G
 Pre-touch: Disabled
 Parallel Workers: 13
Heap:
 PSYoungGen      total 25088K, used 22262K [0x00000000d5580000, 0x00000000d7400000, 0x0000000100000000)
  eden space 22016K, 89% used [0x00000000d5580000,0x00000000d68bb358,0x00000000d6b00000)
  from space 3072K, 83% used [0x00000000d7000000,0x00000000d72826c0,0x00000000d7300000)
  to   space 1024K, 0% used [0x00000000d7300000,0x00000000d7300000,0x00000000d7400000)
 ParOldGen       total 915968K, used 521882K [0x0000000080000000, 0x00000000b7e80000, 0x00000000d5580000)
  object space 915968K, 56% used [0x0000000080000000,0x000000009fda68e8,0x00000000b7e80000)
 Metaspace       used 81980K, committed 83968K, reserved 1179648K
  class space    used 8057K, committed 8960K, reserved 1048576K
GC Heap History (20 events):
Event: 2755.030 GC heap before
{Heap before GC invocations=625 (full 5):
 PSYoungGen      total 24576K, used 22905K [0x00000000d5580000, 0x00000000d7a00000, 0x0000000100000000)
  eden space 22016K, 100% used [0x00000000d5580000,0x00000000d6b00000,0x00000000d6b00000)
  from space 2560K, 34% used [0x00000000d7500000,0x00000000d75de410,0x00000000d7780000)
  to   space 1536K, 0% used [0x00000000d7880000,0x00000000d7880000,0x00000000d7a00000)
 ParOldGen       total 915968K, used 506230K [0x0000000080000000, 0x00000000b7e80000, 0x00000000d5580000)
  object space 915968K, 55% used [0x0000000080000000,0x000000009ee5d900,0x00000000b7e80000)
 Metaspace       used 81836K, committed 83840K, reserved 1179648K
  class space    used 8054K, committed 8960K, reserved 1048576K
}
Event: 2755.033 GC heap after
{Heap after GC invocations=625 (full 5):
 PSYoungGen      total 23552K, used 1321K [0x00000000d5580000, 0x00000000d7a00000, 0x0000000100000000)
  eden space 22016K, 0% used [0x00000000d5580000,0x00000000d5580000,0x00000000d6b00000)
  from space 1536K, 86% used [0x00000000d7880000,0x00000000d79ca400,0x00000000d7a00000)
  to   space 1536K, 0% used [0x00000000d7700000,0x00000000d7700000,0x00000000d7880000)
 ParOldGen       total 915968K, used 506933K [0x0000000080000000, 0x00000000b7e80000, 0x00000000d5580000)
  object space 915968K, 55% used [0x0000000080000000,0x000000009ef0d768,0x00000000b7e80000)
 Metaspace       used 81836K, committed 83840K, reserved 1179648K
  class space    used 8054K, committed 8960K, reserved 1048576K
}
Event: 2828.392 GC heap before
{Heap before GC invocations=626 (full 5):
 PSYoungGen      total 23552K, used 23336K [0x00000000d5580000, 0x00000000d7a00000, 0x0000000100000000)
  eden space 22016K, 99% used [0x00000000d5580000,0x00000000d6affff8,0x00000000d6b00000)
  from space 1536K, 86% used [0x00000000d7880000,0x00000000d79ca400,0x00000000d7a00000)
  to   space 1536K, 0% used [0x00000000d7700000,0x00000000d7700000,0x00000000d7880000)
 ParOldGen       total 915968K, used 506933K [0x0000000080000000, 0x00000000b7e80000, 0x00000000d5580000)
  object space 915968K, 55% used [0x0000000080000000,0x000000009ef0d768,0x00000000b7e80000)
 Metaspace       used 81862K, committed 83840K, reserved 1179648K
  class space    used 8057K, committed 8960K, reserved 1048576K
}
Event: 2828.517 GC heap after
{Heap after GC invocations=626 (full 5):
 PSYoungGen      total 23552K, used 1497K [0x00000000d5580000, 0x00000000d7900000, 0x0000000100000000)
  eden space 22016K, 0% used [0x00000000d5580000,0x00000000d5580000,0x00000000d6b00000)
  from space 1536K, 97% used [0x00000000d7700000,0x00000000d7876410,0x00000000d7880000)
  to   space 512K, 0% used [0x00000000d7880000,0x00000000d7880000,0x00000000d7900000)
 ParOldGen       total 915968K, used 507995K [0x0000000080000000, 0x00000000b7e80000, 0x00000000d5580000)
  object space 915968K, 55% used [0x0000000080000000,0x000000009f016d50,0x00000000b7e80000)
 Metaspace       used 81862K, committed 83840K, reserved 1179648K
  class space    used 8057K, committed 8960K, reserved 1048576K
}
Event: 2829.149 GC heap before
{Heap before GC invocations=627 (full 5):
 PSYoungGen      total 23552K, used 23513K [0x00000000d5580000, 0x00000000d7900000, 0x0000000100000000)
  eden space 22016K, 100% used [0x00000000d5580000,0x00000000d6b00000,0x00000000d6b00000)
  from space 1536K, 97% used [0x00000000d7700000,0x00000000d7876410,0x00000000d7880000)
  to   space 512K, 0% used [0x00000000d7880000,0x00000000d7880000,0x00000000d7900000)
 ParOldGen       total 915968K, used 507995K [0x0000000080000000, 0x00000000b7e80000, 0x00000000d5580000)
  object space 915968K, 55% used [0x0000000080000000,0x000000009f016d50,0x00000000b7e80000)
 Metaspace       used 81862K, committed 83840K, reserved 1179648K
  class space    used 8057K, committed 8960K, reserved 1048576K
}
Event: 2829.158 GC heap after
{Heap after GC invocations=627 (full 5):
 PSYoungGen      total 22528K, used 489K [0x00000000d5580000, 0x00000000d7900000, 0x0000000100000000)
  eden space 22016K, 0% used [0x00000000d5580000,0x00000000d5580000,0x00000000d6b00000)
  from space 512K, 95% used [0x00000000d7880000,0x00000000d78fa400,0x00000000d7900000)
  to   space 4096K, 0% used [0x00000000d7100000,0x00000000d7100000,0x00000000d7500000)
 ParOldGen       total 915968K, used 510779K [0x0000000080000000, 0x00000000b7e80000, 0x00000000d5580000)
  object space 915968K, 55% used [0x0000000080000000,0x000000009f2ceee8,0x00000000b7e80000)
 Metaspace       used 81862K, committed 83840K, reserved 1179648K
  class space    used 8057K, committed 8960K, reserved 1048576K
}
Event: 2849.459 GC heap before
{Heap before GC invocations=628 (full 5):
 PSYoungGen      total 22528K, used 22505K [0x00000000d5580000, 0x00000000d7900000, 0x0000000100000000)
  eden space 22016K, 100% used [0x00000000d5580000,0x00000000d6b00000,0x00000000d6b00000)
  from space 512K, 95% used [0x00000000d7880000,0x00000000d78fa400,0x00000000d7900000)
  to   space 4096K, 0% used [0x00000000d7100000,0x00000000d7100000,0x00000000d7500000)
 ParOldGen       total 915968K, used 510779K [0x0000000080000000, 0x00000000b7e80000, 0x00000000d5580000)
  object space 915968K, 55% used [0x0000000080000000,0x000000009f2ceee8,0x00000000b7e80000)
 Metaspace       used 81888K, committed 83904K, reserved 1179648K
  class space    used 8057K, committed 8960K, reserved 1048576K
}
Event: 2849.462 GC heap after
{Heap after GC invocations=628 (full 5):
 PSYoungGen      total 26112K, used 2410K [0x00000000d5580000, 0x00000000d7900000, 0x0000000100000000)
  eden space 22016K, 0% used [0x00000000d5580000,0x00000000d5580000,0x00000000d6b00000)
  from space 4096K, 58% used [0x00000000d7100000,0x00000000d735abe0,0x00000000d7500000)
  to   space 3072K, 0% used [0x00000000d7600000,0x00000000d7600000,0x00000000d7900000)
 ParOldGen       total 915968K, used 511276K [0x0000000080000000, 0x00000000b7e80000, 0x00000000d5580000)
  object space 915968K, 55% used [0x0000000080000000,0x000000009f34b2e8,0x00000000b7e80000)
 Metaspace       used 81888K, committed 83904K, reserved 1179648K
  class space    used 8057K, committed 8960K, reserved 1048576K
}
Event: 2849.565 GC heap before
{Heap before GC invocations=629 (full 5):
 PSYoungGen      total 26112K, used 24426K [0x00000000d5580000, 0x00000000d7900000, 0x0000000100000000)
  eden space 22016K, 100% used [0x00000000d5580000,0x00000000d6b00000,0x00000000d6b00000)
  from space 4096K, 58% used [0x00000000d7100000,0x00000000d735abe0,0x00000000d7500000)
  to   space 3072K, 0% used [0x00000000d7600000,0x00000000d7600000,0x00000000d7900000)
 ParOldGen       total 915968K, used 511276K [0x0000000080000000, 0x00000000b7e80000, 0x00000000d5580000)
  object space 915968K, 55% used [0x0000000080000000,0x000000009f34b2e8,0x00000000b7e80000)
 Metaspace       used 81889K, committed 83904K, reserved 1179648K
  class space    used 8057K, committed 8960K, reserved 1048576K
}
Event: 2849.577 GC heap after
{Heap after GC invocations=629 (full 5):
 PSYoungGen      total 24576K, used 2314K [0x00000000d5580000, 0x00000000d7880000, 0x0000000100000000)
  eden space 22016K, 0% used [0x00000000d5580000,0x00000000d5580000,0x00000000d6b00000)
  from space 2560K, 90% used [0x00000000d7600000,0x00000000d7842be0,0x00000000d7880000)
  to   space 2560K, 0% used [0x00000000d7380000,0x00000000d7380000,0x00000000d7600000)
 ParOldGen       total 915968K, used 513409K [0x0000000080000000, 0x00000000b7e80000, 0x00000000d5580000)
  object space 915968K, 56% used [0x0000000080000000,0x000000009f560428,0x00000000b7e80000)
 Metaspace       used 81889K, committed 83904K, reserved 1179648K
  class space    used 8057K, committed 8960K, reserved 1048576K
}
Event: 2894.110 GC heap before
{Heap before GC invocations=630 (full 5):
 PSYoungGen      total 24576K, used 24330K [0x00000000d5580000, 0x00000000d7880000, 0x0000000100000000)
  eden space 22016K, 100% used [0x00000000d5580000,0x00000000d6b00000,0x00000000d6b00000)
  from space 2560K, 90% used [0x00000000d7600000,0x00000000d7842be0,0x00000000d7880000)
  to   space 2560K, 0% used [0x00000000d7380000,0x00000000d7380000,0x00000000d7600000)
 ParOldGen       total 915968K, used 513409K [0x0000000080000000, 0x00000000b7e80000, 0x00000000d5580000)
  object space 915968K, 56% used [0x0000000080000000,0x000000009f560428,0x00000000b7e80000)
 Metaspace       used 81898K, committed 83904K, reserved 1179648K
  class space    used 8057K, committed 8960K, reserved 1048576K
}
Event: 2894.202 GC heap after
{Heap after GC invocations=630 (full 5):
 PSYoungGen      total 24064K, used 1801K [0x00000000d5580000, 0x00000000d7680000, 0x0000000100000000)
  eden space 22016K, 0% used [0x00000000d5580000,0x00000000d5580000,0x00000000d6b00000)
  from space 2048K, 87% used [0x00000000d7380000,0x00000000d7542400,0x00000000d7580000)
  to   space 1024K, 0% used [0x00000000d7580000,0x00000000d7580000,0x00000000d7680000)
 ParOldGen       total 915968K, used 515522K [0x0000000080000000, 0x00000000b7e80000, 0x00000000d5580000)
  object space 915968K, 56% used [0x0000000080000000,0x000000009f770ab8,0x00000000b7e80000)
 Metaspace       used 81898K, committed 83904K, reserved 1179648K
  class space    used 8057K, committed 8960K, reserved 1048576K
}
Event: 2905.794 GC heap before
{Heap before GC invocations=631 (full 5):
 PSYoungGen      total 24064K, used 23817K [0x00000000d5580000, 0x00000000d7680000, 0x0000000100000000)
  eden space 22016K, 100% used [0x00000000d5580000,0x00000000d6b00000,0x00000000d6b00000)
  from space 2048K, 87% used [0x00000000d7380000,0x00000000d7542400,0x00000000d7580000)
  to   space 1024K, 0% used [0x00000000d7580000,0x00000000d7580000,0x00000000d7680000)
 ParOldGen       total 915968K, used 515522K [0x0000000080000000, 0x00000000b7e80000, 0x00000000d5580000)
  object space 915968K, 56% used [0x0000000080000000,0x000000009f770ab8,0x00000000b7e80000)
 Metaspace       used 81901K, committed 83904K, reserved 1179648K
  class space    used 8057K, committed 8960K, reserved 1048576K
}
Event: 2905.801 GC heap after
{Heap after GC invocations=631 (full 5):
 PSYoungGen      total 23040K, used 1001K [0x00000000d5580000, 0x00000000d7680000, 0x0000000100000000)
  eden space 22016K, 0% used [0x00000000d5580000,0x00000000d5580000,0x00000000d6b00000)
  from space 1024K, 97% used [0x00000000d7580000,0x00000000d767a400,0x00000000d7680000)
  to   space 3072K, 0% used [0x00000000d7080000,0x00000000d7080000,0x00000000d7380000)
 ParOldGen       total 915968K, used 517249K [0x0000000080000000, 0x00000000b7e80000, 0x00000000d5580000)
  object space 915968K, 56% used [0x0000000080000000,0x000000009f920658,0x00000000b7e80000)
 Metaspace       used 81901K, committed 83904K, reserved 1179648K
  class space    used 8057K, committed 8960K, reserved 1048576K
}
Event: 2951.172 GC heap before
{Heap before GC invocations=632 (full 5):
 PSYoungGen      total 23040K, used 23017K [0x00000000d5580000, 0x00000000d7680000, 0x0000000100000000)
  eden space 22016K, 100% used [0x00000000d5580000,0x00000000d6b00000,0x00000000d6b00000)
  from space 1024K, 97% used [0x00000000d7580000,0x00000000d767a400,0x00000000d7680000)
  to   space 3072K, 0% used [0x00000000d7080000,0x00000000d7080000,0x00000000d7380000)
 ParOldGen       total 915968K, used 517249K [0x0000000080000000, 0x00000000b7e80000, 0x00000000d5580000)
  object space 915968K, 56% used [0x0000000080000000,0x000000009f920658,0x00000000b7e80000)
 Metaspace       used 81902K, committed 83904K, reserved 1179648K
  class space    used 8057K, committed 8960K, reserved 1048576K
}
Event: 2951.274 GC heap after
{Heap after GC invocations=632 (full 5):
 PSYoungGen      total 25088K, used 1769K [0x00000000d5580000, 0x00000000d7600000, 0x0000000100000000)
  eden space 22016K, 0% used [0x00000000d5580000,0x00000000d5580000,0x00000000d6b00000)
  from space 3072K, 57% used [0x00000000d7080000,0x00000000d723a400,0x00000000d7380000)
  to   space 2560K, 0% used [0x00000000d7380000,0x00000000d7380000,0x00000000d7600000)
 ParOldGen       total 915968K, used 518226K [0x0000000080000000, 0x00000000b7e80000, 0x00000000d5580000)
  object space 915968K, 56% used [0x0000000080000000,0x000000009fa14a68,0x00000000b7e80000)
 Metaspace       used 81902K, committed 83904K, reserved 1179648K
  class space    used 8057K, committed 8960K, reserved 1048576K
}
Event: 2951.500 GC heap before
{Heap before GC invocations=633 (full 5):
 PSYoungGen      total 25088K, used 23785K [0x00000000d5580000, 0x00000000d7600000, 0x0000000100000000)
  eden space 22016K, 100% used [0x00000000d5580000,0x00000000d6b00000,0x00000000d6b00000)
  from space 3072K, 57% used [0x00000000d7080000,0x00000000d723a400,0x00000000d7380000)
  to   space 2560K, 0% used [0x00000000d7380000,0x00000000d7380000,0x00000000d7600000)
 ParOldGen       total 915968K, used 518226K [0x0000000080000000, 0x00000000b7e80000, 0x00000000d5580000)
  object space 915968K, 56% used [0x0000000080000000,0x000000009fa14a68,0x00000000b7e80000)
 Metaspace       used 81954K, committed 83904K, reserved 1179648K
  class space    used 8057K, committed 8960K, reserved 1048576K
}
Event: 2951.507 GC heap after
{Heap after GC invocations=633 (full 5):
 PSYoungGen      total 24576K, used 2441K [0x00000000d5580000, 0x00000000d7600000, 0x0000000100000000)
  eden space 22016K, 0% used [0x00000000d5580000,0x00000000d5580000,0x00000000d6b00000)
  from space 2560K, 95% used [0x00000000d7380000,0x00000000d75e2570,0x00000000d7600000)
  to   space 3072K, 0% used [0x00000000d7000000,0x00000000d7000000,0x00000000d7300000)
 ParOldGen       total 915968K, used 519660K [0x0000000080000000, 0x00000000b7e80000, 0x00000000d5580000)
  object space 915968K, 56% used [0x0000000080000000,0x000000009fb7b278,0x00000000b7e80000)
 Metaspace       used 81954K, committed 83904K, reserved 1179648K
  class space    used 8057K, committed 8960K, reserved 1048576K
}
Event: 2953.233 GC heap before
{Heap before GC invocations=634 (full 5):
 PSYoungGen      total 24576K, used 24457K [0x00000000d5580000, 0x00000000d7600000, 0x0000000100000000)
  eden space 22016K, 100% used [0x00000000d5580000,0x00000000d6b00000,0x00000000d6b00000)
  from space 2560K, 95% used [0x00000000d7380000,0x00000000d75e2570,0x00000000d7600000)
  to   space 3072K, 0% used [0x00000000d7000000,0x00000000d7000000,0x00000000d7300000)
 ParOldGen       total 915968K, used 519660K [0x0000000080000000, 0x00000000b7e80000, 0x00000000d5580000)
  object space 915968K, 56% used [0x0000000080000000,0x000000009fb7b278,0x00000000b7e80000)
 Metaspace       used 81954K, committed 83904K, reserved 1179648K
  class space    used 8057K, committed 8960K, reserved 1048576K
}
Event: 2953.244 GC heap after
{Heap after GC invocations=634 (full 5):
 PSYoungGen      total 25088K, used 2569K [0x00000000d5580000, 0x00000000d7400000, 0x0000000100000000)
  eden space 22016K, 0% used [0x00000000d5580000,0x00000000d5580000,0x00000000d6b00000)
  from space 3072K, 83% used [0x00000000d7000000,0x00000000d72826c0,0x00000000d7300000)
  to   space 1024K, 0% used [0x00000000d7300000,0x00000000d7300000,0x00000000d7400000)
 ParOldGen       total 915968K, used 521882K [0x0000000080000000, 0x00000000b7e80000, 0x00000000d5580000)
  object space 915968K, 56% used [0x0000000080000000,0x000000009fda68e8,0x00000000b7e80000)
 Metaspace       used 81954K, committed 83904K, reserved 1179648K
  class space    used 8057K, committed 8960K, reserved 1048576K
}

