# JRE version: Java(TM) SE Runtime Environment (21.0.7+8) (build 21.0.7+8-LTS-245)
# Java VM: Java HotSpot(TM) 64-Bit Server VM (21.0.7+8-LTS-245, mixed mode, sharing, tiered, compressed oops, compressed class ptrs, parallel gc, windows-amd64)
GC Precious Log:
 CardTable entry size: 512
 CPUs: 16 total, 16 available
 Memory: 24260M
 Large Page Support: Disabled
 NUMA Support: Disabled
 Compressed Oops: Enabled (32-bit)
 Alignments: Space 512K, Generation 512K, Heap 2M
 Heap Min Capacity: 100M
 Heap Initial Capacity: 100M
 Heap Max Capacity: 2G
 Pre-touch: Disabled
 Parallel Workers: 13
Heap:
 PSYoungGen      total 1536K, used 0K [0x00000000d5580000, 0x00000000d5b00000, 0x0000000100000000)
  eden space 1024K, 0% used [0x00000000d5580000,0x00000000d5580000,0x00000000d5680000)
  from space 512K, 0% used [0x00000000d5680000,0x00000000d5680000,0x00000000d5700000)
  to   space 1536K, 0% used [0x00000000d5980000,0x00000000d5980000,0x00000000d5b00000)
 ParOldGen       total 230400K, used 188991K [0x0000000080000000, 0x000000008e100000, 0x00000000d5580000)
  object space 230400K, 82% used [0x0000000080000000,0x000000008b88fc88,0x000000008e100000)
 Metaspace       used 100332K, committed 102336K, reserved 1179648K
  class space    used 9474K, committed 10432K, reserved 1048576K
GC Heap History (20 events):
Event: 1241.026 GC heap after
{Heap after GC invocations=4784 (full 140):
 PSYoungGen      total 2048K, used 793K [0x00000000d5580000, 0x00000000d5a00000, 0x0000000100000000)
  eden space 1024K, 0% used [0x00000000d5580000,0x00000000d5580000,0x00000000d5680000)
  from space 1024K, 77% used [0x00000000d5900000,0x00000000d59c67b0,0x00000000d5a00000)
  to   space 1024K, 0% used [0x00000000d5800000,0x00000000d5800000,0x00000000d5900000)
 ParOldGen       total 230400K, used 155958K [0x0000000080000000, 0x000000008e100000, 0x00000000d5580000)
  object space 230400K, 67% used [0x0000000080000000,0x000000008984da28,0x000000008e100000)
 Metaspace       used 100332K, committed 102336K, reserved 1179648K
  class space    used 9474K, committed 10432K, reserved 1048576K
}
Event: 1241.027 GC heap before
{Heap before GC invocations=4785 (full 140):
 PSYoungGen      total 2048K, used 1810K [0x00000000d5580000, 0x00000000d5a00000, 0x0000000100000000)
  eden space 1024K, 99% used [0x00000000d5580000,0x00000000d567e1c0,0x00000000d5680000)
  from space 1024K, 77% used [0x00000000d5900000,0x00000000d59c67b0,0x00000000d5a00000)
  to   space 1024K, 0% used [0x00000000d5800000,0x00000000d5800000,0x00000000d5900000)
 ParOldGen       total 230400K, used 155958K [0x0000000080000000, 0x000000008e100000, 0x00000000d5580000)
  object space 230400K, 67% used [0x0000000080000000,0x000000008984da28,0x000000008e100000)
 Metaspace       used 100332K, committed 102336K, reserved 1179648K
  class space    used 9474K, committed 10432K, reserved 1048576K
}
Event: 1241.028 GC heap after
{Heap after GC invocations=4785 (full 140):
 PSYoungGen      total 2560K, used 1023K [0x00000000d5580000, 0x00000000d5b00000, 0x0000000100000000)
  eden space 1536K, 0% used [0x00000000d5580000,0x00000000d5580000,0x00000000d5700000)
  from space 1024K, 99% used [0x00000000d5800000,0x00000000d58ffd18,0x00000000d5900000)
  to   space 2048K, 0% used [0x00000000d5900000,0x00000000d5900000,0x00000000d5b00000)
 ParOldGen       total 230400K, used 156664K [0x0000000080000000, 0x000000008e100000, 0x00000000d5580000)
  object space 230400K, 67% used [0x0000000080000000,0x00000000898fe390,0x000000008e100000)
 Metaspace       used 100332K, committed 102336K, reserved 1179648K
  class space    used 9474K, committed 10432K, reserved 1048576K
}
Event: 1241.031 GC heap before
{Heap before GC invocations=4786 (full 140):
 PSYoungGen      total 2560K, used 2529K [0x00000000d5580000, 0x00000000d5b00000, 0x0000000100000000)
  eden space 1536K, 98% used [0x00000000d5580000,0x00000000d56f8aa8,0x00000000d5700000)
  from space 1024K, 99% used [0x00000000d5800000,0x00000000d58ffd18,0x00000000d5900000)
  to   space 2048K, 0% used [0x00000000d5900000,0x00000000d5900000,0x00000000d5b00000)
 ParOldGen       total 230400K, used 156664K [0x0000000080000000, 0x000000008e100000, 0x00000000d5580000)
  object space 230400K, 67% used [0x0000000080000000,0x00000000898fe390,0x000000008e100000)
 Metaspace       used 100332K, committed 102336K, reserved 1179648K
  class space    used 9474K, committed 10432K, reserved 1048576K
}
Event: 1241.032 GC heap after
{Heap after GC invocations=4786 (full 140):
 PSYoungGen      total 3584K, used 1573K [0x00000000d5580000, 0x00000000d5b80000, 0x0000000100000000)
  eden space 1536K, 0% used [0x00000000d5580000,0x00000000d5580000,0x00000000d5700000)
  from space 2048K, 76% used [0x00000000d5900000,0x00000000d5a89758,0x00000000d5b00000)
  to   space 2048K, 0% used [0x00000000d5700000,0x00000000d5700000,0x00000000d5900000)
 ParOldGen       total 230400K, used 157313K [0x0000000080000000, 0x000000008e100000, 0x00000000d5580000)
  object space 230400K, 68% used [0x0000000080000000,0x00000000899a0798,0x000000008e100000)
 Metaspace       used 100332K, committed 102336K, reserved 1179648K
  class space    used 9474K, committed 10432K, reserved 1048576K
}
Event: 1241.035 GC heap before
{Heap before GC invocations=4787 (full 140):
 PSYoungGen      total 3584K, used 3109K [0x00000000d5580000, 0x00000000d5b80000, 0x0000000100000000)
  eden space 1536K, 100% used [0x00000000d5580000,0x00000000d5700000,0x00000000d5700000)
  from space 2048K, 76% used [0x00000000d5900000,0x00000000d5a89758,0x00000000d5b00000)
  to   space 2048K, 0% used [0x00000000d5700000,0x00000000d5700000,0x00000000d5900000)
 ParOldGen       total 230400K, used 157313K [0x0000000080000000, 0x000000008e100000, 0x00000000d5580000)
  object space 230400K, 68% used [0x0000000080000000,0x00000000899a0798,0x000000008e100000)
 Metaspace       used 100332K, committed 102336K, reserved 1179648K
  class space    used 9474K, committed 10432K, reserved 1048576K
}
Event: 1241.036 GC heap after
{Heap after GC invocations=4787 (full 140):
 PSYoungGen      total 3584K, used 1749K [0x00000000d5580000, 0x00000000d5b80000, 0x0000000100000000)
  eden space 1536K, 0% used [0x00000000d5580000,0x00000000d5580000,0x00000000d5700000)
  from space 2048K, 85% used [0x00000000d5700000,0x00000000d58b56e0,0x00000000d5900000)
  to   space 2048K, 0% used [0x00000000d5980000,0x00000000d5980000,0x00000000d5b80000)
 ParOldGen       total 230400K, used 158443K [0x0000000080000000, 0x000000008e100000, 0x00000000d5580000)
  object space 230400K, 68% used [0x0000000080000000,0x0000000089abad50,0x000000008e100000)
 Metaspace       used 100332K, committed 102336K, reserved 1179648K
  class space    used 9474K, committed 10432K, reserved 1048576K
}
Event: 1241.037 GC heap before
{Heap before GC invocations=4788 (full 140):
 PSYoungGen      total 3584K, used 3082K [0x00000000d5580000, 0x00000000d5b80000, 0x0000000100000000)
  eden space 1536K, 86% used [0x00000000d5580000,0x00000000d56cd138,0x00000000d5700000)
  from space 2048K, 85% used [0x00000000d5700000,0x00000000d58b56e0,0x00000000d5900000)
  to   space 2048K, 0% used [0x00000000d5980000,0x00000000d5980000,0x00000000d5b80000)
 ParOldGen       total 230400K, used 158443K [0x0000000080000000, 0x000000008e100000, 0x00000000d5580000)
  object space 230400K, 68% used [0x0000000080000000,0x0000000089abad50,0x000000008e100000)
 Metaspace       used 100332K, committed 102336K, reserved 1179648K
  class space    used 9474K, committed 10432K, reserved 1048576K
}
Event: 1241.039 GC heap after
{Heap after GC invocations=4788 (full 140):
 PSYoungGen      total 4096K, used 1484K [0x00000000d5580000, 0x00000000d5b80000, 0x0000000100000000)
  eden space 2048K, 0% used [0x00000000d5580000,0x00000000d5580000,0x00000000d5780000)
  from space 2048K, 72% used [0x00000000d5980000,0x00000000d5af3068,0x00000000d5b80000)
  to   space 2048K, 0% used [0x00000000d5780000,0x00000000d5780000,0x00000000d5980000)
 ParOldGen       total 230400K, used 160300K [0x0000000080000000, 0x000000008e100000, 0x00000000d5580000)
  object space 230400K, 69% used [0x0000000080000000,0x0000000089c8b078,0x000000008e100000)
 Metaspace       used 100332K, committed 102336K, reserved 1179648K
  class space    used 9474K, committed 10432K, reserved 1048576K
}
Event: 1241.041 GC heap before
{Heap before GC invocations=4789 (full 140):
 PSYoungGen      total 4096K, used 3382K [0x00000000d5580000, 0x00000000d5b80000, 0x0000000100000000)
  eden space 2048K, 92% used [0x00000000d5580000,0x00000000d575a940,0x00000000d5780000)
  from space 2048K, 72% used [0x00000000d5980000,0x00000000d5af3068,0x00000000d5b80000)
  to   space 2048K, 0% used [0x00000000d5780000,0x00000000d5780000,0x00000000d5980000)
 ParOldGen       total 230400K, used 160300K [0x0000000080000000, 0x000000008e100000, 0x00000000d5580000)
  object space 230400K, 69% used [0x0000000080000000,0x0000000089c8b078,0x000000008e100000)
 Metaspace       used 100332K, committed 102336K, reserved 1179648K
  class space    used 9474K, committed 10432K, reserved 1048576K
}
Event: 1241.042 GC heap after
{Heap after GC invocations=4789 (full 140):
 PSYoungGen      total 4096K, used 2028K [0x00000000d5580000, 0x00000000d6000000, 0x0000000100000000)
  eden space 2048K, 0% used [0x00000000d5580000,0x00000000d5580000,0x00000000d5780000)
  from space 2048K, 99% used [0x00000000d5780000,0x00000000d597b0b8,0x00000000d5980000)
  to   space 4096K, 0% used [0x00000000d5c00000,0x00000000d5c00000,0x00000000d6000000)
 ParOldGen       total 230400K, used 161638K [0x0000000080000000, 0x000000008e100000, 0x00000000d5580000)
  object space 230400K, 70% used [0x0000000080000000,0x0000000089dd9808,0x000000008e100000)
 Metaspace       used 100332K, committed 102336K, reserved 1179648K
  class space    used 9474K, committed 10432K, reserved 1048576K
}
Event: 1241.044 GC heap before
{Heap before GC invocations=4790 (full 140):
 PSYoungGen      total 4096K, used 4062K [0x00000000d5580000, 0x00000000d6000000, 0x0000000100000000)
  eden space 2048K, 99% used [0x00000000d5580000,0x00000000d577c988,0x00000000d5780000)
  from space 2048K, 99% used [0x00000000d5780000,0x00000000d597b0b8,0x00000000d5980000)
  to   space 4096K, 0% used [0x00000000d5c00000,0x00000000d5c00000,0x00000000d6000000)
 ParOldGen       total 230400K, used 161638K [0x0000000080000000, 0x000000008e100000, 0x00000000d5580000)
  object space 230400K, 70% used [0x0000000080000000,0x0000000089dd9808,0x000000008e100000)
 Metaspace       used 100332K, committed 102336K, reserved 1179648K
  class space    used 9474K, committed 10432K, reserved 1048576K
}
Event: 1241.045 GC heap after
{Heap after GC invocations=4790 (full 140):
 PSYoungGen      total 5120K, used 2197K [0x00000000d5580000, 0x00000000d5e80000, 0x0000000100000000)
  eden space 2560K, 0% used [0x00000000d5580000,0x00000000d5580000,0x00000000d5800000)
  from space 2560K, 85% used [0x00000000d5c00000,0x00000000d5e25518,0x00000000d5e80000)
  to   space 3072K, 0% used [0x00000000d5880000,0x00000000d5880000,0x00000000d5b80000)
 ParOldGen       total 230400K, used 163540K [0x0000000080000000, 0x000000008e100000, 0x00000000d5580000)
  object space 230400K, 70% used [0x0000000080000000,0x0000000089fb5148,0x000000008e100000)
 Metaspace       used 100332K, committed 102336K, reserved 1179648K
  class space    used 9474K, committed 10432K, reserved 1048576K
}
Event: 1241.053 GC heap before
{Heap before GC invocations=4791 (full 140):
 PSYoungGen      total 5120K, used 4757K [0x00000000d5580000, 0x00000000d5e80000, 0x0000000100000000)
  eden space 2560K, 99% used [0x00000000d5580000,0x00000000d57ffff8,0x00000000d5800000)
  from space 2560K, 85% used [0x00000000d5c00000,0x00000000d5e25518,0x00000000d5e80000)
  to   space 3072K, 0% used [0x00000000d5880000,0x00000000d5880000,0x00000000d5b80000)
 ParOldGen       total 230400K, used 163540K [0x0000000080000000, 0x000000008e100000, 0x00000000d5580000)
  object space 230400K, 70% used [0x0000000080000000,0x0000000089fb5148,0x000000008e100000)
 Metaspace       used 100332K, committed 102336K, reserved 1179648K
  class space    used 9474K, committed 10432K, reserved 1048576K
}
Event: 1241.056 GC heap after
{Heap after GC invocations=4791 (full 140):
 PSYoungGen      total 4608K, used 1216K [0x00000000d5580000, 0x00000000d5c80000, 0x0000000100000000)
  eden space 3072K, 0% used [0x00000000d5580000,0x00000000d5580000,0x00000000d5880000)
  from space 1536K, 79% used [0x00000000d5880000,0x00000000d59b0000,0x00000000d5a00000)
  to   space 2048K, 0% used [0x00000000d5a80000,0x00000000d5a80000,0x00000000d5c80000)
 ParOldGen       total 230400K, used 166404K [0x0000000080000000, 0x000000008e100000, 0x00000000d5580000)
  object space 230400K, 72% used [0x0000000080000000,0x000000008a281148,0x000000008e100000)
 Metaspace       used 100332K, committed 102336K, reserved 1179648K
  class space    used 9474K, committed 10432K, reserved 1048576K
}
Event: 1241.061 GC heap before
{Heap before GC invocations=4792 (full 140):
 PSYoungGen      total 4608K, used 4242K [0x00000000d5580000, 0x00000000d5c80000, 0x0000000100000000)
  eden space 3072K, 98% used [0x00000000d5580000,0x00000000d5874b38,0x00000000d5880000)
  from space 1536K, 79% used [0x00000000d5880000,0x00000000d59b0000,0x00000000d5a00000)
  to   space 2048K, 0% used [0x00000000d5a80000,0x00000000d5a80000,0x00000000d5c80000)
 ParOldGen       total 230400K, used 185604K [0x0000000080000000, 0x000000008e100000, 0x00000000d5580000)
  object space 230400K, 80% used [0x0000000080000000,0x000000008b541168,0x000000008e100000)
 Metaspace       used 100332K, committed 102336K, reserved 1179648K
  class space    used 9474K, committed 10432K, reserved 1048576K
}
Event: 1241.064 GC heap after
{Heap after GC invocations=4792 (full 140):
 PSYoungGen      total 3072K, used 2040K [0x00000000d5580000, 0x00000000d6180000, 0x0000000100000000)
  eden space 1024K, 0% used [0x00000000d5580000,0x00000000d5580000,0x00000000d5680000)
  from space 2048K, 99% used [0x00000000d5a80000,0x00000000d5c7e000,0x00000000d5c80000)
  to   space 4096K, 0% used [0x00000000d5680000,0x00000000d5680000,0x00000000d5a80000)
 ParOldGen       total 230400K, used 186915K [0x0000000080000000, 0x000000008e100000, 0x00000000d5580000)
  object space 230400K, 81% used [0x0000000080000000,0x000000008b688c68,0x000000008e100000)
 Metaspace       used 100332K, committed 102336K, reserved 1179648K
  class space    used 9474K, committed 10432K, reserved 1048576K
}
Event: 1241.064 GC heap before
{Heap before GC invocations=4793 (full 140):
 PSYoungGen      total 3072K, used 2040K [0x00000000d5580000, 0x00000000d6180000, 0x0000000100000000)
  eden space 1024K, 0% used [0x00000000d5580000,0x00000000d5580000,0x00000000d5680000)
  from space 2048K, 99% used [0x00000000d5a80000,0x00000000d5c7e000,0x00000000d5c80000)
  to   space 4096K, 0% used [0x00000000d5680000,0x00000000d5680000,0x00000000d5a80000)
 ParOldGen       total 230400K, used 186915K [0x0000000080000000, 0x000000008e100000, 0x00000000d5580000)
  object space 230400K, 81% used [0x0000000080000000,0x000000008b688c68,0x000000008e100000)
 Metaspace       used 100332K, committed 102336K, reserved 1179648K
  class space    used 9474K, committed 10432K, reserved 1048576K
}
Event: 1241.065 GC heap after
{Heap after GC invocations=4793 (full 140):
 PSYoungGen      total 1536K, used 0K [0x00000000d5580000, 0x00000000d5b00000, 0x0000000100000000)
  eden space 1024K, 0% used [0x00000000d5580000,0x00000000d5580000,0x00000000d5680000)
  from space 512K, 0% used [0x00000000d5680000,0x00000000d5680000,0x00000000d5700000)
  to   space 1536K, 0% used [0x00000000d5980000,0x00000000d5980000,0x00000000d5b00000)
 ParOldGen       total 230400K, used 188991K [0x0000000080000000, 0x000000008e100000, 0x00000000d5580000)
  object space 230400K, 82% used [0x0000000080000000,0x000000008b88fc88,0x000000008e100000)
 Metaspace       used 100332K, committed 102336K, reserved 1179648K
  class space    used 9474K, committed 10432K, reserved 1048576K
}
Event: 1241.065 GC heap before
{Heap before GC invocations=4794 (full 141):
 PSYoungGen      total 1536K, used 0K [0x00000000d5580000, 0x00000000d5b00000, 0x0000000100000000)
  eden space 1024K, 0% used [0x00000000d5580000,0x00000000d5580000,0x00000000d5680000)
  from space 512K, 0% used [0x00000000d5680000,0x00000000d5680000,0x00000000d5700000)
  to   space 1536K, 0% used [0x00000000d5980000,0x00000000d5980000,0x00000000d5b00000)
 ParOldGen       total 230400K, used 188991K [0x0000000080000000, 0x000000008e100000, 0x00000000d5580000)
  object space 230400K, 82% used [0x0000000080000000,0x000000008b88fc88,0x000000008e100000)
 Metaspace       used 100332K, committed 102336K, reserved 1179648K
  class space    used 9474K, committed 10432K, reserved 1048576K
}

